\BOOKMARK [0][-]{chapter.1}{Introduction}{}% 1
\BOOKMARK [1][-]{section.1.1}{Already existing tools}{chapter.1}% 2
\BOOKMARK [1][-]{section.1.2}{Proposed solution}{chapter.1}% 3
\BOOKMARK [0][-]{chapter.2}{Preparation}{}% 4
\BOOKMARK [1][-]{section.2.1}{Understanding Bluespec \(This section is to be pruned or rewritten\)}{chapter.2}% 5
\BOOKMARK [2][-]{subsection.2.1.1}{Rules}{section.2.1}% 6
\BOOKMARK [2][-]{subsection.2.1.2}{Modules and interfaces}{section.2.1}% 7
\BOOKMARK [2][-]{subsection.2.1.3}{Types}{section.2.1}% 8
\BOOKMARK [2][-]{subsection.2.1.4}{Typeclasses}{section.2.1}% 9
\BOOKMARK [1][-]{section.2.2}{Choosing tools}{chapter.2}% 10
\BOOKMARK [2][-]{subsection.2.2.1}{Haskell}{section.2.2}% 11
\BOOKMARK [2][-]{subsection.2.2.2}{Tcl \(pronounced "tickle"\)}{section.2.2}% 12
\BOOKMARK [2][-]{subsection.2.2.3}{Python}{section.2.2}% 13
\BOOKMARK [1][-]{section.2.3}{Creating a grammar}{chapter.2}% 14
\BOOKMARK [2][-]{subsection.2.3.1}{Why grammar is needed ?}{section.2.3}% 15
\BOOKMARK [2][-]{subsection.2.3.2}{What grammar is needed ?}{section.2.3}% 16
\BOOKMARK [2][-]{subsection.2.3.3}{Where to find this grammar ?}{section.2.3}% 17
\BOOKMARK [2][-]{subsection.2.3.4}{Technical aspects}{section.2.3}% 18
\BOOKMARK [0][-]{chapter.3}{Implementation}{}% 19
\BOOKMARK [1][-]{section.3.1}{Reading packages}{chapter.3}% 20
\BOOKMARK [2][-]{subsection.3.1.1}{Bluetcl}{section.3.1}% 21
\BOOKMARK [1][-]{section.3.2}{Parsing}{chapter.3}% 22
\BOOKMARK [2][-]{subsection.3.2.1}{Understanding abstract syntax tree \(AST\)}{section.3.2}% 23
\BOOKMARK [2][-]{subsection.3.2.2}{Organizing data and functionality}{section.3.2}% 24
\BOOKMARK [1][-]{section.3.3}{Building the top level module}{chapter.3}% 25
\BOOKMARK [2][-]{subsection.3.3.1}{Resolving types}{section.3.3}% 26
\BOOKMARK [2][-]{subsection.3.3.2}{Provisos explained \(intuition\)}{section.3.3}% 27
\BOOKMARK [2][-]{subsection.3.3.3}{Resolving types \(implementation\)}{section.3.3}% 28
\BOOKMARK [1][-]{section.3.4}{Synthesizing}{chapter.3}% 29
\BOOKMARK [2][-]{subsection.3.4.1}{GUI}{section.3.4}% 30
