\BOOKMARK [0][-]{chapter.1}{Introduction}{}% 1
\BOOKMARK [1][-]{section.1.1}{Motivation}{chapter.1}% 2
\BOOKMARK [1][-]{section.1.2}{Existing tools}{chapter.1}% 3
\BOOKMARK [1][-]{section.1.3}{Proposed solution}{chapter.1}% 4
\BOOKMARK [0][-]{chapter.2}{Preparation}{}% 5
\BOOKMARK [1][-]{section.2.1}{Understanding Bluespec}{chapter.2}% 6
\BOOKMARK [2][-]{subsection.2.1.1}{Rules}{section.2.1}% 7
\BOOKMARK [2][-]{subsection.2.1.2}{Modules and interfaces}{section.2.1}% 8
\BOOKMARK [2][-]{subsection.2.1.3}{Typeclasses}{section.2.1}% 9
\BOOKMARK [2][-]{subsection.2.1.4}{Provisos}{section.2.1}% 10
\BOOKMARK [1][-]{section.2.2}{Software engineering}{chapter.2}% 11
\BOOKMARK [2][-]{subsection.2.2.1}{Backup}{section.2.2}% 12
\BOOKMARK [2][-]{subsection.2.2.2}{Environment}{section.2.2}% 13
\BOOKMARK [1][-]{section.2.3}{Choosing tools}{chapter.2}% 14
\BOOKMARK [2][-]{subsection.2.3.1}{Haskell}{section.2.3}% 15
\BOOKMARK [2][-]{subsection.2.3.2}{Tcl \(pronounced "tickle"\)}{section.2.3}% 16
\BOOKMARK [2][-]{subsection.2.3.3}{Python}{section.2.3}% 17
\BOOKMARK [2][-]{subsection.2.3.4}{Postmortem}{section.2.3}% 18
\BOOKMARK [1][-]{section.2.4}{Creating a grammar}{chapter.2}% 19
\BOOKMARK [2][-]{subsection.2.4.1}{What grammar is needed ?}{section.2.4}% 20
\BOOKMARK [2][-]{subsection.2.4.2}{Where to find this grammar?}{section.2.4}% 21
\BOOKMARK [2][-]{subsection.2.4.3}{Technical aspects of the grammar}{section.2.4}% 22
\BOOKMARK [0][-]{chapter.3}{Implementation}{}% 23
\BOOKMARK [1][-]{section.3.1}{Repository Overview}{chapter.3}% 24
\BOOKMARK [1][-]{section.3.2}{Crawling the packages}{chapter.3}% 25
\BOOKMARK [1][-]{section.3.3}{Loading Bluespec packages' information}{chapter.3}% 26
\BOOKMARK [2][-]{subsection.3.3.1}{Lexical and syntactic analysis}{section.3.3}% 27
\BOOKMARK [2][-]{subsection.3.3.2}{Understanding abstract syntax tree \(AST\)}{section.3.3}% 28
\BOOKMARK [2][-]{subsection.3.3.3}{Organizing data and functionality}{section.3.3}% 29
\BOOKMARK [1][-]{section.3.4}{Building the top level module}{chapter.3}% 30
\BOOKMARK [2][-]{subsection.3.4.1}{Instantiating new modules}{section.3.4}% 31
\BOOKMARK [2][-]{subsection.3.4.2}{Connections}{section.3.4}% 32
\BOOKMARK [2][-]{subsection.3.4.3}{Buses}{section.3.4}% 33
\BOOKMARK [2][-]{subsection.3.4.4}{Specifying exported interfaces and methods}{section.3.4}% 34
\BOOKMARK [1][-]{section.3.5}{Resolving types}{chapter.3}% 35
\BOOKMARK [1][-]{section.3.6}{Synthesizing the module}{chapter.3}% 36
\BOOKMARK [2][-]{subsection.3.6.1}{JSON interface}{section.3.6}% 37
\BOOKMARK [1][-]{section.3.7}{GUI}{chapter.3}% 38
\BOOKMARK [2][-]{subsection.3.7.1}{Backend}{section.3.7}% 39
\BOOKMARK [2][-]{subsection.3.7.2}{Frontend \(React\)}{section.3.7}% 40
\BOOKMARK [2][-]{subsection.3.7.3}{Frontend \(React Flow\)}{section.3.7}% 41
\BOOKMARK [2][-]{subsection.3.7.4}{Frontend \(MUI\)}{section.3.7}% 42
\BOOKMARK [2][-]{subsection.3.7.5}{Functionality}{section.3.7}% 43
\BOOKMARK [0][-]{chapter.4}{Evaluation}{}% 44
\BOOKMARK [1][-]{section.4.1}{Overview}{chapter.4}% 45
\BOOKMARK [2][-]{subsection.4.1.1}{Example 1: Deadly simple FIFOs}{section.4.1}% 46
\BOOKMARK [2][-]{subsection.4.1.2}{Example 2: Weight of the AXI4}{section.4.1}% 47
\BOOKMARK [2][-]{subsection.4.1.3}{Example 3: Simulation}{section.4.1}% 48
\BOOKMARK [1][-]{section.4.2}{Example 1: Deadly simple FIFOs}{chapter.4}% 49
\BOOKMARK [2][-]{subsection.4.2.1}{Platform Designer}{section.4.2}% 50
\BOOKMARK [2][-]{subsection.4.2.2}{The Legend of Bluespec: A Link to the components}{section.4.2}% 51
\BOOKMARK [2][-]{subsection.4.2.3}{Conclusion}{section.4.2}% 52
\BOOKMARK [1][-]{section.4.3}{Example 2: Weight of the AXI4}{chapter.4}% 53
\BOOKMARK [2][-]{subsection.4.3.1}{Platform Designer}{section.4.3}% 54
\BOOKMARK [2][-]{subsection.4.3.2}{The Legend of Bluespec: A Link to the components}{section.4.3}% 55
\BOOKMARK [2][-]{subsection.4.3.3}{Conclusion}{section.4.3}% 56
\BOOKMARK [2][-]{subsection.4.3.4}{Other differences}{section.4.3}% 57
\BOOKMARK [1][-]{section.4.4}{Example 3 - Working AXI4 masters and slaves}{chapter.4}% 58
\BOOKMARK [1][-]{section.4.5}{Numbers}{chapter.4}% 59
\BOOKMARK [1][-]{section.4.6}{Other things to consider}{chapter.4}% 60
\BOOKMARK [0][-]{chapter.5}{Conclusion}{}% 61
\BOOKMARK [1][-]{section.5.1}{Results}{chapter.5}% 62
\BOOKMARK [1][-]{section.5.2}{Lessons learned}{chapter.5}% 63
\BOOKMARK [1][-]{section.5.3}{Future work}{chapter.5}% 64
